2025-12-30 10:33:48.819 [main] INFO  com.apex.core.dao.OrderInfoDAO - [INSERT_ORDER] Starting order creation. Order ID: TEST_CREATE_001, User ID: 1001
2025-12-30 10:33:48.833 [main] INFO  com.apex.core.dao.OrderInfoDAO - [INSERT_ORDER] Order created successfully in 14 ms. Order ID: TEST_CREATE_001, Rows affected: 1
2025-12-30 10:33:48.846 [main] DEBUG com.apex.core.dao.OrderInfoDAO - [SELECT_ORDER_BY_ID] Searching for order by ID: TEST_CREATE_001
2025-12-30 10:33:48.852 [main] DEBUG com.apex.core.dao.OrderInfoDAO - [SELECT_ORDER_BY_ID] Order found in 6 ms. Order ID: TEST_CREATE_001, Status: 1
2025-12-30 10:33:48.877 [main] DEBUG com.apex.core.dao.OrderInfoDAO - [SELECT_ORDER_BY_ID] Searching for order by ID: TEST001
2025-12-30 10:33:48.879 [main] DEBUG com.apex.core.dao.OrderInfoDAO - [SELECT_ORDER_BY_ID] Order found in 2 ms. Order ID: TEST001, Status: 1
2025-12-30 10:33:48.888 [main] DEBUG com.apex.core.dao.OrderInfoDAO - [SELECT_ORDER_BY_ID] Searching for order by ID: NON_EXISTENT
2025-12-30 10:33:48.888 [main] DEBUG com.apex.core.dao.OrderInfoDAO - [SELECT_ORDER_BY_ID] No order found with ID: NON_EXISTENT (searched for 0 ms)
2025-12-30 10:33:48.950 [main] DEBUG com.apex.core.dao.OrderInfoDAO - [SELECT_ORDER_BY_ID] Searching for order by ID: TEST001
2025-12-30 10:33:48.951 [main] DEBUG com.apex.core.dao.OrderInfoDAO - [SELECT_ORDER_BY_ID] Order found in 1 ms. Order ID: TEST001, Status: 1
2025-12-30 10:33:48.971 [main] DEBUG com.apex.core.dao.OrderInfoDAO - [SELECT_ORDER_BY_ID] Searching for order by ID: TEST002
2025-12-30 10:33:48.972 [main] DEBUG com.apex.core.dao.OrderInfoDAO - [SELECT_ORDER_BY_ID] Order found in 1 ms. Order ID: TEST002, Status: 2
2025-12-30 10:33:48.981 [main] DEBUG com.apex.core.dao.OrderInfoDAO - [SELECT_ORDER_BY_ID] Searching for order by ID: TEST003
2025-12-30 10:33:48.982 [main] DEBUG com.apex.core.dao.OrderInfoDAO - [SELECT_ORDER_BY_ID] Order found in 1 ms. Order ID: TEST003, Status: 3
2025-12-30 10:33:48.992 [main] DEBUG com.apex.core.dao.OrderInfoDAO - [SELECT_ORDER_BY_ID] Searching for order by ID: TEST001
2025-12-30 10:33:48.992 [main] DEBUG com.apex.core.dao.OrderInfoDAO - [SELECT_ORDER_BY_ID] Order found in 0 ms. Order ID: TEST001, Status: 1
2025-12-30 10:33:48.993 [main] INFO  com.apex.core.dao.OrderInfoDAO - [UPDATE_ORDER] Starting order update. Order ID: TEST001, New Status: 2
2025-12-30 10:33:48.997 [main] INFO  com.apex.core.dao.OrderInfoDAO - [UPDATE_ORDER] Order updated successfully in 4 ms. Order ID: TEST001, Rows affected: 1
2025-12-30 10:33:48.998 [main] DEBUG com.apex.core.dao.OrderInfoDAO - [SELECT_ORDER_BY_ID] Searching for order by ID: TEST001
2025-12-30 10:33:48.999 [main] DEBUG com.apex.core.dao.OrderInfoDAO - [SELECT_ORDER_BY_ID] Order found in 1 ms. Order ID: TEST001, Status: 2
2025-12-30 10:33:49.006 [main] INFO  com.apex.core.dao.OrderInfoDAO - [UPDATE_ORDER_STATUS] Updating order status. Order ID: TEST001, New Status: 2
2025-12-30 10:33:49.006 [main] INFO  com.apex.core.dao.OrderInfoDAO - [UPDATE_ORDER_STATUS] Order status updated successfully in 1 ms. Order ID: TEST001, New Status: 2
2025-12-30 10:33:49.006 [main] DEBUG com.apex.core.dao.OrderInfoDAO - [SELECT_ORDER_BY_ID] Searching for order by ID: TEST001
2025-12-30 10:33:49.008 [main] DEBUG com.apex.core.dao.OrderInfoDAO - [SELECT_ORDER_BY_ID] Order found in 2 ms. Order ID: TEST001, Status: 2
2025-12-30 10:33:49.016 [main] DEBUG com.apex.core.dao.OrderInfoDAO - [SELECT_ORDER_BY_ID] Searching for order by ID: TEST001
2025-12-30 10:33:49.018 [main] DEBUG com.apex.core.dao.OrderInfoDAO - [SELECT_ORDER_BY_ID] Order found in 2 ms. Order ID: TEST001, Status: 1
2025-12-30 10:33:49.019 [main] ERROR com.apex.core.dao.OrderInfoDAO - [DELETE_ORDER_DISABLED] Direct deletion of orders is disabled due to foreign key constraints. Order ID: TEST001. Please use OrderManager.deleteOrderWithItems() method instead.
2025-12-30 10:33:49.020 [main] DEBUG com.apex.core.dao.OrderInfoDAO - [SELECT_ORDER_BY_ID] Searching for order by ID: TEST001
2025-12-30 10:33:49.021 [main] DEBUG com.apex.core.dao.OrderInfoDAO - [SELECT_ORDER_BY_ID] Order found in 1 ms. Order ID: TEST001, Status: 1
2025-12-30 10:33:49.028 [main] INFO  com.apex.core.dao.OrderInfoDAO - [SELECT_ALL_ORDERS_PAGINATED] Retrieving orders. Page: 1, PageSize: 2, Offset: 0
2025-12-30 10:33:49.030 [main] INFO  com.apex.core.dao.OrderInfoDAO - [SELECT_ALL_ORDERS_PAGINATED] Retrieved 2 orders in 2 ms. Page: 1, PageSize: 2
2025-12-30 10:33:49.030 [main] INFO  com.apex.core.dao.OrderInfoDAO - [SELECT_ALL_ORDERS_PAGINATED] Retrieving orders. Page: 2, PageSize: 2, Offset: 2
2025-12-30 10:33:49.031 [main] INFO  com.apex.core.dao.OrderInfoDAO - [SELECT_ALL_ORDERS_PAGINATED] Retrieved 1 orders in 1 ms. Page: 2, PageSize: 2
2025-12-30 10:33:49.040 [main] INFO  com.apex.core.dao.OrderInfoDAO - [SELECT_ORDERS_BY_USER] Retrieving orders for user. User ID: 1001, Page: 1, PageSize: 10
2025-12-30 10:33:49.042 [main] INFO  com.apex.core.dao.OrderInfoDAO - [SELECT_ORDERS_BY_USER] Retrieved 2 orders for user 1001 in 2 ms
2025-12-30 10:33:49.083 [main] INFO  com.apex.core.dao.OrderInfoDAO - [SELECT_ORDERS_BY_USER] Retrieving orders for user. User ID: 1001, Page: 1, PageSize: 10
2025-12-30 10:33:49.084 [main] INFO  com.apex.core.dao.OrderInfoDAO - [SELECT_ORDERS_BY_USER] Retrieved 2 orders for user 1001 in 1 ms
2025-12-30 10:33:49.096 [main] INFO  com.apex.core.dao.OrderInfoDAO - [SELECT_ORDERS_BY_USER] Retrieving orders for user. User ID: 1002, Page: 1, PageSize: 10
2025-12-30 10:33:49.098 [main] INFO  com.apex.core.dao.OrderInfoDAO - [SELECT_ORDERS_BY_USER] Retrieved 1 orders for user 1002 in 2 ms
2025-12-30 10:33:49.108 [main] INFO  com.apex.core.dao.OrderInfoDAO - [SELECT_ORDERS_BY_USER] Retrieving orders for user. User ID: 9999, Page: 1, PageSize: 10
2025-12-30 10:33:49.109 [main] INFO  com.apex.core.dao.OrderInfoDAO - [SELECT_ORDERS_BY_USER] Retrieved 0 orders for user 9999 in 1 ms
2025-12-30 10:33:49.117 [main] DEBUG com.apex.core.dao.OrderInfoDAO - [COUNT_ORDERS] Counting total orders
2025-12-30 10:33:49.119 [main] INFO  com.apex.core.dao.OrderInfoDAO - [COUNT_ORDERS] Total orders: 3 (counted in 2 ms)
2025-12-30 10:33:49.126 [main] INFO  com.apex.core.dao.OrderInfoDAO - [INSERT_ORDER] Starting order creation. Order ID: STATUS_FLOW_TEST, User ID: 1001
2025-12-30 10:33:49.127 [main] INFO  com.apex.core.dao.OrderInfoDAO - [INSERT_ORDER] Order created successfully in 1 ms. Order ID: STATUS_FLOW_TEST, Rows affected: 1
2025-12-30 10:33:49.128 [main] INFO  com.apex.core.dao.OrderInfoDAO - [UPDATE_ORDER_STATUS] Updating order status. Order ID: STATUS_FLOW_TEST, New Status: 2
2025-12-30 10:33:49.128 [main] INFO  com.apex.core.dao.OrderInfoDAO - [UPDATE_ORDER_STATUS] Order status updated successfully in 0 ms. Order ID: STATUS_FLOW_TEST, New Status: 2
2025-12-30 10:33:49.128 [main] DEBUG com.apex.core.dao.OrderInfoDAO - [SELECT_ORDER_BY_ID] Searching for order by ID: STATUS_FLOW_TEST
2025-12-30 10:33:49.129 [main] DEBUG com.apex.core.dao.OrderInfoDAO - [SELECT_ORDER_BY_ID] Order found in 1 ms. Order ID: STATUS_FLOW_TEST, Status: 2
2025-12-30 10:33:49.130 [main] INFO  com.apex.core.dao.OrderInfoDAO - [UPDATE_ORDER_STATUS] Updating order status. Order ID: STATUS_FLOW_TEST, New Status: 3
2025-12-30 10:33:49.130 [main] INFO  com.apex.core.dao.OrderInfoDAO - [UPDATE_ORDER_STATUS] Order status updated successfully in 0 ms. Order ID: STATUS_FLOW_TEST, New Status: 3
2025-12-30 10:33:49.130 [main] INFO  com.apex.core.dao.OrderInfoDAO - [UPDATE_ORDER_STATUS] Updating order status. Order ID: STATUS_FLOW_TEST, New Status: 4
2025-12-30 10:33:49.131 [main] INFO  com.apex.core.dao.OrderInfoDAO - [UPDATE_ORDER_STATUS] Order status updated successfully in 1 ms. Order ID: STATUS_FLOW_TEST, New Status: 4
2025-12-30 10:33:49.139 [main] INFO  com.apex.core.dao.OrderInfoDAO - [INSERT_ORDER] Starting order creation. Order ID: NULL_TEST, User ID: 1001
2025-12-30 10:33:49.140 [main] INFO  com.apex.core.dao.OrderInfoDAO - [INSERT_ORDER] Order created successfully in 1 ms. Order ID: NULL_TEST, Rows affected: 1
2025-12-30 10:33:49.140 [main] DEBUG com.apex.core.dao.OrderInfoDAO - [SELECT_ORDER_BY_ID] Searching for order by ID: NULL_TEST
2025-12-30 10:33:49.141 [main] DEBUG com.apex.core.dao.OrderInfoDAO - [SELECT_ORDER_BY_ID] Order found in 1 ms. Order ID: NULL_TEST, Status: 1
2025-12-30 10:33:49.150 [main] INFO  com.apex.core.dao.OrderInfoDAO - [SELECT_ALL_ORDERS_PAGINATED] Retrieving orders. Page: 1, PageSize: 10, Offset: 0
2025-12-30 10:33:49.150 [main] INFO  com.apex.core.dao.OrderInfoDAO - [SELECT_ALL_ORDERS_PAGINATED] Retrieved 0 orders in 0 ms. Page: 1, PageSize: 10
2025-12-30 10:39:44.770 [main] INFO  com.apex.core.dao.OrderInfoDAO - [INSERT_ORDER] Starting order creation. Order ID: TEST_CREATE_001, User ID: 1001
2025-12-30 10:39:44.780 [main] INFO  com.apex.core.dao.OrderInfoDAO - [INSERT_ORDER] Order created successfully in 10 ms. Order ID: TEST_CREATE_001, Rows affected: 1
2025-12-30 10:39:44.791 [main] DEBUG com.apex.core.dao.OrderInfoDAO - [SELECT_ORDER_BY_ID] Searching for order by ID: TEST_CREATE_001
2025-12-30 10:39:44.796 [main] DEBUG com.apex.core.dao.OrderInfoDAO - [SELECT_ORDER_BY_ID] Order found in 5 ms. Order ID: TEST_CREATE_001, Status: 1
2025-12-30 10:39:44.817 [main] DEBUG com.apex.core.dao.OrderInfoDAO - [SELECT_ORDER_BY_ID] Searching for order by ID: TEST001
2025-12-30 10:39:44.819 [main] DEBUG com.apex.core.dao.OrderInfoDAO - [SELECT_ORDER_BY_ID] Order found in 2 ms. Order ID: TEST001, Status: 1
2025-12-30 10:39:44.830 [main] DEBUG com.apex.core.dao.OrderInfoDAO - [SELECT_ORDER_BY_ID] Searching for order by ID: NON_EXISTENT
2025-12-30 10:39:44.831 [main] DEBUG com.apex.core.dao.OrderInfoDAO - [SELECT_ORDER_BY_ID] No order found with ID: NON_EXISTENT (searched for 1 ms)
2025-12-30 10:39:44.892 [main] DEBUG com.apex.core.dao.OrderInfoDAO - [SELECT_ORDER_BY_ID] Searching for order by ID: TEST001
2025-12-30 10:39:44.893 [main] DEBUG com.apex.core.dao.OrderInfoDAO - [SELECT_ORDER_BY_ID] Order found in 1 ms. Order ID: TEST001, Status: 1
2025-12-30 10:39:44.914 [main] DEBUG com.apex.core.dao.OrderInfoDAO - [SELECT_ORDER_BY_ID] Searching for order by ID: TEST002
2025-12-30 10:39:44.915 [main] DEBUG com.apex.core.dao.OrderInfoDAO - [SELECT_ORDER_BY_ID] Order found in 1 ms. Order ID: TEST002, Status: 2
2025-12-30 10:39:44.927 [main] DEBUG com.apex.core.dao.OrderInfoDAO - [SELECT_ORDER_BY_ID] Searching for order by ID: TEST003
2025-12-30 10:39:44.928 [main] DEBUG com.apex.core.dao.OrderInfoDAO - [SELECT_ORDER_BY_ID] Order found in 1 ms. Order ID: TEST003, Status: 3
2025-12-30 10:39:44.940 [main] DEBUG com.apex.core.dao.OrderInfoDAO - [SELECT_ORDER_BY_ID] Searching for order by ID: TEST001
2025-12-30 10:39:44.942 [main] DEBUG com.apex.core.dao.OrderInfoDAO - [SELECT_ORDER_BY_ID] Order found in 2 ms. Order ID: TEST001, Status: 1
2025-12-30 10:39:44.942 [main] INFO  com.apex.core.dao.OrderInfoDAO - [UPDATE_ORDER] Starting order update. Order ID: TEST001, New Status: 2
2025-12-30 10:39:44.947 [main] INFO  com.apex.core.dao.OrderInfoDAO - [UPDATE_ORDER] Order updated successfully in 5 ms. Order ID: TEST001, Rows affected: 1
2025-12-30 10:39:44.947 [main] DEBUG com.apex.core.dao.OrderInfoDAO - [SELECT_ORDER_BY_ID] Searching for order by ID: TEST001
2025-12-30 10:39:44.948 [main] DEBUG com.apex.core.dao.OrderInfoDAO - [SELECT_ORDER_BY_ID] Order found in 1 ms. Order ID: TEST001, Status: 2
2025-12-30 10:39:44.957 [main] INFO  com.apex.core.dao.OrderInfoDAO - [UPDATE_ORDER_STATUS] Updating order status. Order ID: TEST001, New Status: 2
2025-12-30 10:39:44.958 [main] INFO  com.apex.core.dao.OrderInfoDAO - [UPDATE_ORDER_STATUS] Order status updated successfully in 2 ms. Order ID: TEST001, Old Status: 1, New Status: 2
2025-12-30 10:39:44.958 [main] DEBUG com.apex.core.dao.OrderInfoDAO - [SELECT_ORDER_BY_ID] Searching for order by ID: TEST001
2025-12-30 10:39:44.959 [main] DEBUG com.apex.core.dao.OrderInfoDAO - [SELECT_ORDER_BY_ID] Order found in 1 ms. Order ID: TEST001, Status: 2
2025-12-30 10:39:44.967 [main] DEBUG com.apex.core.dao.OrderInfoDAO - [SELECT_ORDER_BY_ID] Searching for order by ID: TEST001
2025-12-30 10:39:44.968 [main] DEBUG com.apex.core.dao.OrderInfoDAO - [SELECT_ORDER_BY_ID] Order found in 1 ms. Order ID: TEST001, Status: 1
2025-12-30 10:39:44.969 [main] ERROR com.apex.core.dao.OrderInfoDAO - [DELETE_ORDER_DISABLED] Direct deletion of orders is disabled due to foreign key constraints. Order ID: TEST001. Please use OrderManager.deleteOrderWithItems() method instead.
2025-12-30 10:39:44.970 [main] DEBUG com.apex.core.dao.OrderInfoDAO - [SELECT_ORDER_BY_ID] Searching for order by ID: TEST001
2025-12-30 10:39:44.972 [main] DEBUG com.apex.core.dao.OrderInfoDAO - [SELECT_ORDER_BY_ID] Order found in 2 ms. Order ID: TEST001, Status: 1
2025-12-30 10:39:44.981 [main] INFO  com.apex.core.dao.OrderInfoDAO - [SELECT_ALL_ORDERS_PAGINATED] Retrieving orders. Page: 1, PageSize: 2, Offset: 0
2025-12-30 10:39:44.982 [main] INFO  com.apex.core.dao.OrderInfoDAO - [SELECT_ALL_ORDERS_PAGINATED] Retrieved 2 orders in 1 ms. Page: 1, PageSize: 2
2025-12-30 10:39:44.982 [main] INFO  com.apex.core.dao.OrderInfoDAO - [SELECT_ALL_ORDERS_PAGINATED] Retrieving orders. Page: 2, PageSize: 2, Offset: 2
2025-12-30 10:39:44.983 [main] INFO  com.apex.core.dao.OrderInfoDAO - [SELECT_ALL_ORDERS_PAGINATED] Retrieved 1 orders in 1 ms. Page: 2, PageSize: 2
2025-12-30 10:39:44.994 [main] INFO  com.apex.core.dao.OrderInfoDAO - [SELECT_ORDERS_BY_USER] Retrieving orders for user. User ID: 1001, Page: 1, PageSize: 10
2025-12-30 10:39:44.995 [main] INFO  com.apex.core.dao.OrderInfoDAO - [SELECT_ORDERS_BY_USER] Retrieved 2 orders for user 1001 in 1 ms
2025-12-30 10:39:45.035 [main] INFO  com.apex.core.dao.OrderInfoDAO - [SELECT_ORDERS_BY_USER] Retrieving orders for user. User ID: 1001, Page: 1, PageSize: 10
2025-12-30 10:39:45.036 [main] INFO  com.apex.core.dao.OrderInfoDAO - [SELECT_ORDERS_BY_USER] Retrieved 2 orders for user 1001 in 1 ms
2025-12-30 10:39:45.047 [main] INFO  com.apex.core.dao.OrderInfoDAO - [SELECT_ORDERS_BY_USER] Retrieving orders for user. User ID: 1002, Page: 1, PageSize: 10
2025-12-30 10:39:45.048 [main] INFO  com.apex.core.dao.OrderInfoDAO - [SELECT_ORDERS_BY_USER] Retrieved 1 orders for user 1002 in 1 ms
2025-12-30 10:39:45.058 [main] INFO  com.apex.core.dao.OrderInfoDAO - [SELECT_ORDERS_BY_USER] Retrieving orders for user. User ID: 9999, Page: 1, PageSize: 10
2025-12-30 10:39:45.059 [main] INFO  com.apex.core.dao.OrderInfoDAO - [SELECT_ORDERS_BY_USER] Retrieved 0 orders for user 9999 in 1 ms
2025-12-30 10:39:45.069 [main] DEBUG com.apex.core.dao.OrderInfoDAO - [COUNT_ORDERS] Counting total orders
2025-12-30 10:39:45.070 [main] INFO  com.apex.core.dao.OrderInfoDAO - [COUNT_ORDERS] Total orders: 3 (counted in 1 ms)
2025-12-30 10:39:45.078 [main] INFO  com.apex.core.dao.OrderInfoDAO - [INSERT_ORDER] Starting order creation. Order ID: STATUS_FLOW_TEST, User ID: 1001
2025-12-30 10:39:45.079 [main] INFO  com.apex.core.dao.OrderInfoDAO - [INSERT_ORDER] Order created successfully in 1 ms. Order ID: STATUS_FLOW_TEST, Rows affected: 1
2025-12-30 10:39:45.080 [main] INFO  com.apex.core.dao.OrderInfoDAO - [UPDATE_ORDER_STATUS] Updating order status. Order ID: STATUS_FLOW_TEST, New Status: 2
2025-12-30 10:39:45.081 [main] INFO  com.apex.core.dao.OrderInfoDAO - [UPDATE_ORDER_STATUS] Order status updated successfully in 1 ms. Order ID: STATUS_FLOW_TEST, Old Status: 1, New Status: 2
2025-12-30 10:39:45.081 [main] DEBUG com.apex.core.dao.OrderInfoDAO - [SELECT_ORDER_BY_ID] Searching for order by ID: STATUS_FLOW_TEST
2025-12-30 10:39:45.082 [main] DEBUG com.apex.core.dao.OrderInfoDAO - [SELECT_ORDER_BY_ID] Order found in 1 ms. Order ID: STATUS_FLOW_TEST, Status: 2
2025-12-30 10:39:45.082 [main] INFO  com.apex.core.dao.OrderInfoDAO - [UPDATE_ORDER_STATUS] Updating order status. Order ID: STATUS_FLOW_TEST, New Status: 3
2025-12-30 10:39:45.083 [main] INFO  com.apex.core.dao.OrderInfoDAO - [UPDATE_ORDER_STATUS] Order status updated successfully in 1 ms. Order ID: STATUS_FLOW_TEST, Old Status: 2, New Status: 3
2025-12-30 10:39:45.083 [main] INFO  com.apex.core.dao.OrderInfoDAO - [UPDATE_ORDER_STATUS] Updating order status. Order ID: STATUS_FLOW_TEST, New Status: 4
2025-12-30 10:39:45.084 [main] INFO  com.apex.core.dao.OrderInfoDAO - [UPDATE_ORDER_STATUS] Order status updated successfully in 1 ms. Order ID: STATUS_FLOW_TEST, Old Status: 3, New Status: 4
2025-12-30 10:39:45.092 [main] INFO  com.apex.core.dao.OrderInfoDAO - [INSERT_ORDER] Starting order creation. Order ID: NULL_TEST, User ID: 1001
2025-12-30 10:39:45.093 [main] INFO  com.apex.core.dao.OrderInfoDAO - [INSERT_ORDER] Order created successfully in 1 ms. Order ID: NULL_TEST, Rows affected: 1
2025-12-30 10:39:45.093 [main] DEBUG com.apex.core.dao.OrderInfoDAO - [SELECT_ORDER_BY_ID] Searching for order by ID: NULL_TEST
2025-12-30 10:39:45.094 [main] DEBUG com.apex.core.dao.OrderInfoDAO - [SELECT_ORDER_BY_ID] Order found in 1 ms. Order ID: NULL_TEST, Status: 1
2025-12-30 10:39:45.102 [main] INFO  com.apex.core.dao.OrderInfoDAO - [SELECT_ALL_ORDERS_PAGINATED] Retrieving orders. Page: 1, PageSize: 10, Offset: 0
2025-12-30 10:39:45.103 [main] INFO  com.apex.core.dao.OrderInfoDAO - [SELECT_ALL_ORDERS_PAGINATED] Retrieved 0 orders in 1 ms. Page: 1, PageSize: 10
2025-12-30 10:39:50.960 [main] INFO  com.apex.core.dao.OrderInfoDAO - [INSERT_ORDER] Starting order creation. Order ID: TEST_CREATE_001, User ID: 1001
2025-12-30 10:39:50.971 [main] INFO  com.apex.core.dao.OrderInfoDAO - [INSERT_ORDER] Order created successfully in 11 ms. Order ID: TEST_CREATE_001, Rows affected: 1
2025-12-30 10:39:50.982 [main] DEBUG com.apex.core.dao.OrderInfoDAO - [SELECT_ORDER_BY_ID] Searching for order by ID: TEST_CREATE_001
2025-12-30 10:39:50.989 [main] DEBUG com.apex.core.dao.OrderInfoDAO - [SELECT_ORDER_BY_ID] Order found in 7 ms. Order ID: TEST_CREATE_001, Status: 1
2025-12-30 10:39:51.010 [main] DEBUG com.apex.core.dao.OrderInfoDAO - [SELECT_ORDER_BY_ID] Searching for order by ID: TEST001
2025-12-30 10:39:51.011 [main] DEBUG com.apex.core.dao.OrderInfoDAO - [SELECT_ORDER_BY_ID] Order found in 1 ms. Order ID: TEST001, Status: 1
2025-12-30 10:39:51.022 [main] DEBUG com.apex.core.dao.OrderInfoDAO - [SELECT_ORDER_BY_ID] Searching for order by ID: NON_EXISTENT
2025-12-30 10:39:51.023 [main] DEBUG com.apex.core.dao.OrderInfoDAO - [SELECT_ORDER_BY_ID] No order found with ID: NON_EXISTENT (searched for 0 ms)
2025-12-30 10:39:51.081 [main] DEBUG com.apex.core.dao.OrderInfoDAO - [SELECT_ORDER_BY_ID] Searching for order by ID: TEST001
2025-12-30 10:39:51.083 [main] DEBUG com.apex.core.dao.OrderInfoDAO - [SELECT_ORDER_BY_ID] Order found in 2 ms. Order ID: TEST001, Status: 1
2025-12-30 10:39:51.101 [main] DEBUG com.apex.core.dao.OrderInfoDAO - [SELECT_ORDER_BY_ID] Searching for order by ID: TEST002
2025-12-30 10:39:51.102 [main] DEBUG com.apex.core.dao.OrderInfoDAO - [SELECT_ORDER_BY_ID] Order found in 1 ms. Order ID: TEST002, Status: 2
2025-12-30 10:39:51.112 [main] DEBUG com.apex.core.dao.OrderInfoDAO - [SELECT_ORDER_BY_ID] Searching for order by ID: TEST003
2025-12-30 10:39:51.113 [main] DEBUG com.apex.core.dao.OrderInfoDAO - [SELECT_ORDER_BY_ID] Order found in 1 ms. Order ID: TEST003, Status: 3
2025-12-30 10:39:51.123 [main] DEBUG com.apex.core.dao.OrderInfoDAO - [SELECT_ORDER_BY_ID] Searching for order by ID: TEST001
2025-12-30 10:39:51.124 [main] DEBUG com.apex.core.dao.OrderInfoDAO - [SELECT_ORDER_BY_ID] Order found in 1 ms. Order ID: TEST001, Status: 1
2025-12-30 10:39:51.125 [main] INFO  com.apex.core.dao.OrderInfoDAO - [UPDATE_ORDER] Starting order update. Order ID: TEST001, New Status: 2
2025-12-30 10:39:51.129 [main] INFO  com.apex.core.dao.OrderInfoDAO - [UPDATE_ORDER] Order updated successfully in 4 ms. Order ID: TEST001, Rows affected: 1
2025-12-30 10:39:51.129 [main] DEBUG com.apex.core.dao.OrderInfoDAO - [SELECT_ORDER_BY_ID] Searching for order by ID: TEST001
2025-12-30 10:39:51.130 [main] DEBUG com.apex.core.dao.OrderInfoDAO - [SELECT_ORDER_BY_ID] Order found in 1 ms. Order ID: TEST001, Status: 2
2025-12-30 10:39:51.138 [main] INFO  com.apex.core.dao.OrderInfoDAO - [UPDATE_ORDER_STATUS] Updating order status. Order ID: TEST001, New Status: 2
2025-12-30 10:39:51.139 [main] INFO  com.apex.core.dao.OrderInfoDAO - [UPDATE_ORDER_STATUS] Order status updated successfully in 1 ms. Order ID: TEST001, Old Status: 1, New Status: 2
2025-12-30 10:39:51.140 [main] DEBUG com.apex.core.dao.OrderInfoDAO - [SELECT_ORDER_BY_ID] Searching for order by ID: TEST001
2025-12-30 10:39:51.141 [main] DEBUG com.apex.core.dao.OrderInfoDAO - [SELECT_ORDER_BY_ID] Order found in 1 ms. Order ID: TEST001, Status: 2
2025-12-30 10:39:51.148 [main] DEBUG com.apex.core.dao.OrderInfoDAO - [SELECT_ORDER_BY_ID] Searching for order by ID: TEST001
2025-12-30 10:39:51.149 [main] DEBUG com.apex.core.dao.OrderInfoDAO - [SELECT_ORDER_BY_ID] Order found in 1 ms. Order ID: TEST001, Status: 1
2025-12-30 10:39:51.150 [main] ERROR com.apex.core.dao.OrderInfoDAO - [DELETE_ORDER_DISABLED] Direct deletion of orders is disabled due to foreign key constraints. Order ID: TEST001. Please use OrderManager.deleteOrderWithItems() method instead.
2025-12-30 10:39:51.151 [main] DEBUG com.apex.core.dao.OrderInfoDAO - [SELECT_ORDER_BY_ID] Searching for order by ID: TEST001
2025-12-30 10:39:51.152 [main] DEBUG com.apex.core.dao.OrderInfoDAO - [SELECT_ORDER_BY_ID] Order found in 1 ms. Order ID: TEST001, Status: 1
2025-12-30 10:39:51.160 [main] INFO  com.apex.core.dao.OrderInfoDAO - [SELECT_ALL_ORDERS_PAGINATED] Retrieving orders. Page: 1, PageSize: 2, Offset: 0
2025-12-30 10:39:51.162 [main] INFO  com.apex.core.dao.OrderInfoDAO - [SELECT_ALL_ORDERS_PAGINATED] Retrieved 2 orders in 2 ms. Page: 1, PageSize: 2
2025-12-30 10:39:51.162 [main] INFO  com.apex.core.dao.OrderInfoDAO - [SELECT_ALL_ORDERS_PAGINATED] Retrieving orders. Page: 2, PageSize: 2, Offset: 2
2025-12-30 10:39:51.162 [main] INFO  com.apex.core.dao.OrderInfoDAO - [SELECT_ALL_ORDERS_PAGINATED] Retrieved 1 orders in 0 ms. Page: 2, PageSize: 2
2025-12-30 10:39:51.172 [main] INFO  com.apex.core.dao.OrderInfoDAO - [SELECT_ORDERS_BY_USER] Retrieving orders for user. User ID: 1001, Page: 1, PageSize: 10
2025-12-30 10:39:51.173 [main] INFO  com.apex.core.dao.OrderInfoDAO - [SELECT_ORDERS_BY_USER] Retrieved 2 orders for user 1001 in 1 ms
2025-12-30 10:39:51.211 [main] INFO  com.apex.core.dao.OrderInfoDAO - [SELECT_ORDERS_BY_USER] Retrieving orders for user. User ID: 1001, Page: 1, PageSize: 10
2025-12-30 10:39:51.214 [main] INFO  com.apex.core.dao.OrderInfoDAO - [SELECT_ORDERS_BY_USER] Retrieved 2 orders for user 1001 in 3 ms
2025-12-30 10:39:51.222 [main] INFO  com.apex.core.dao.OrderInfoDAO - [SELECT_ORDERS_BY_USER] Retrieving orders for user. User ID: 1002, Page: 1, PageSize: 10
2025-12-30 10:39:51.223 [main] INFO  com.apex.core.dao.OrderInfoDAO - [SELECT_ORDERS_BY_USER] Retrieved 1 orders for user 1002 in 1 ms
2025-12-30 10:39:51.233 [main] INFO  com.apex.core.dao.OrderInfoDAO - [SELECT_ORDERS_BY_USER] Retrieving orders for user. User ID: 9999, Page: 1, PageSize: 10
2025-12-30 10:39:51.235 [main] INFO  com.apex.core.dao.OrderInfoDAO - [SELECT_ORDERS_BY_USER] Retrieved 0 orders for user 9999 in 2 ms
2025-12-30 10:39:51.241 [main] DEBUG com.apex.core.dao.OrderInfoDAO - [COUNT_ORDERS] Counting total orders
2025-12-30 10:39:51.244 [main] INFO  com.apex.core.dao.OrderInfoDAO - [COUNT_ORDERS] Total orders: 3 (counted in 3 ms)
2025-12-30 10:39:51.251 [main] INFO  com.apex.core.dao.OrderInfoDAO - [INSERT_ORDER] Starting order creation. Order ID: STATUS_FLOW_TEST, User ID: 1001
2025-12-30 10:39:51.252 [main] INFO  com.apex.core.dao.OrderInfoDAO - [INSERT_ORDER] Order created successfully in 1 ms. Order ID: STATUS_FLOW_TEST, Rows affected: 1
2025-12-30 10:39:51.253 [main] INFO  com.apex.core.dao.OrderInfoDAO - [UPDATE_ORDER_STATUS] Updating order status. Order ID: STATUS_FLOW_TEST, New Status: 2
2025-12-30 10:39:51.254 [main] INFO  com.apex.core.dao.OrderInfoDAO - [UPDATE_ORDER_STATUS] Order status updated successfully in 1 ms. Order ID: STATUS_FLOW_TEST, Old Status: 1, New Status: 2
2025-12-30 10:39:51.254 [main] DEBUG com.apex.core.dao.OrderInfoDAO - [SELECT_ORDER_BY_ID] Searching for order by ID: STATUS_FLOW_TEST
2025-12-30 10:39:51.254 [main] DEBUG com.apex.core.dao.OrderInfoDAO - [SELECT_ORDER_BY_ID] Order found in 0 ms. Order ID: STATUS_FLOW_TEST, Status: 2
2025-12-30 10:39:51.255 [main] INFO  com.apex.core.dao.OrderInfoDAO - [UPDATE_ORDER_STATUS] Updating order status. Order ID: STATUS_FLOW_TEST, New Status: 3
2025-12-30 10:39:51.255 [main] INFO  com.apex.core.dao.OrderInfoDAO - [UPDATE_ORDER_STATUS] Order status updated successfully in 0 ms. Order ID: STATUS_FLOW_TEST, Old Status: 2, New Status: 3
2025-12-30 10:39:51.256 [main] INFO  com.apex.core.dao.OrderInfoDAO - [UPDATE_ORDER_STATUS] Updating order status. Order ID: STATUS_FLOW_TEST, New Status: 4
2025-12-30 10:39:51.256 [main] INFO  com.apex.core.dao.OrderInfoDAO - [UPDATE_ORDER_STATUS] Order status updated successfully in 0 ms. Order ID: STATUS_FLOW_TEST, Old Status: 3, New Status: 4
2025-12-30 10:39:51.263 [main] INFO  com.apex.core.dao.OrderInfoDAO - [INSERT_ORDER] Starting order creation. Order ID: NULL_TEST, User ID: 1001
2025-12-30 10:39:51.265 [main] INFO  com.apex.core.dao.OrderInfoDAO - [INSERT_ORDER] Order created successfully in 2 ms. Order ID: NULL_TEST, Rows affected: 1
2025-12-30 10:39:51.265 [main] DEBUG com.apex.core.dao.OrderInfoDAO - [SELECT_ORDER_BY_ID] Searching for order by ID: NULL_TEST
2025-12-30 10:39:51.266 [main] DEBUG com.apex.core.dao.OrderInfoDAO - [SELECT_ORDER_BY_ID] Order found in 1 ms. Order ID: NULL_TEST, Status: 1
2025-12-30 10:39:51.275 [main] INFO  com.apex.core.dao.OrderInfoDAO - [SELECT_ALL_ORDERS_PAGINATED] Retrieving orders. Page: 1, PageSize: 10, Offset: 0
2025-12-30 10:39:51.275 [main] INFO  com.apex.core.dao.OrderInfoDAO - [SELECT_ALL_ORDERS_PAGINATED] Retrieved 0 orders in 0 ms. Page: 1, PageSize: 10
2025-12-30 10:40:00.928 [main] INFO  com.apex.core.dao.OrderInfoDAO - [INSERT_ORDER] Starting order creation. Order ID: TEST_CREATE_001, User ID: 1001
2025-12-30 10:40:00.940 [main] INFO  com.apex.core.dao.OrderInfoDAO - [INSERT_ORDER] Order created successfully in 12 ms. Order ID: TEST_CREATE_001, Rows affected: 1
2025-12-30 10:40:00.950 [main] DEBUG com.apex.core.dao.OrderInfoDAO - [SELECT_ORDER_BY_ID] Searching for order by ID: TEST_CREATE_001
2025-12-30 10:40:00.955 [main] DEBUG com.apex.core.dao.OrderInfoDAO - [SELECT_ORDER_BY_ID] Order found in 5 ms. Order ID: TEST_CREATE_001, Status: 1
2025-12-30 10:40:00.974 [main] DEBUG com.apex.core.dao.OrderInfoDAO - [SELECT_ORDER_BY_ID] Searching for order by ID: TEST001
2025-12-30 10:40:00.975 [main] DEBUG com.apex.core.dao.OrderInfoDAO - [SELECT_ORDER_BY_ID] Order found in 1 ms. Order ID: TEST001, Status: 1
2025-12-30 10:40:00.984 [main] DEBUG com.apex.core.dao.OrderInfoDAO - [SELECT_ORDER_BY_ID] Searching for order by ID: NON_EXISTENT
2025-12-30 10:40:00.985 [main] DEBUG com.apex.core.dao.OrderInfoDAO - [SELECT_ORDER_BY_ID] No order found with ID: NON_EXISTENT (searched for 1 ms)
2025-12-30 10:40:01.035 [main] DEBUG com.apex.core.dao.OrderInfoDAO - [SELECT_ORDER_BY_ID] Searching for order by ID: TEST001
2025-12-30 10:40:01.036 [main] DEBUG com.apex.core.dao.OrderInfoDAO - [SELECT_ORDER_BY_ID] Order found in 1 ms. Order ID: TEST001, Status: 1
2025-12-30 10:40:01.056 [main] DEBUG com.apex.core.dao.OrderInfoDAO - [SELECT_ORDER_BY_ID] Searching for order by ID: TEST002
2025-12-30 10:40:01.057 [main] DEBUG com.apex.core.dao.OrderInfoDAO - [SELECT_ORDER_BY_ID] Order found in 1 ms. Order ID: TEST002, Status: 2
2025-12-30 10:40:01.066 [main] DEBUG com.apex.core.dao.OrderInfoDAO - [SELECT_ORDER_BY_ID] Searching for order by ID: TEST003
2025-12-30 10:40:01.067 [main] DEBUG com.apex.core.dao.OrderInfoDAO - [SELECT_ORDER_BY_ID] Order found in 1 ms. Order ID: TEST003, Status: 3
2025-12-30 10:40:01.076 [main] DEBUG com.apex.core.dao.OrderInfoDAO - [SELECT_ORDER_BY_ID] Searching for order by ID: TEST001
2025-12-30 10:40:01.077 [main] DEBUG com.apex.core.dao.OrderInfoDAO - [SELECT_ORDER_BY_ID] Order found in 1 ms. Order ID: TEST001, Status: 1
2025-12-30 10:40:01.077 [main] INFO  com.apex.core.dao.OrderInfoDAO - [UPDATE_ORDER] Starting order update. Order ID: TEST001, New Status: 2
2025-12-30 10:40:01.081 [main] INFO  com.apex.core.dao.OrderInfoDAO - [UPDATE_ORDER] Order updated successfully in 4 ms. Order ID: TEST001, Rows affected: 1
2025-12-30 10:40:01.081 [main] DEBUG com.apex.core.dao.OrderInfoDAO - [SELECT_ORDER_BY_ID] Searching for order by ID: TEST001
2025-12-30 10:40:01.082 [main] DEBUG com.apex.core.dao.OrderInfoDAO - [SELECT_ORDER_BY_ID] Order found in 1 ms. Order ID: TEST001, Status: 2
2025-12-30 10:40:01.090 [main] INFO  com.apex.core.dao.OrderInfoDAO - [UPDATE_ORDER_STATUS] Updating order status. Order ID: TEST001, New Status: 2
2025-12-30 10:40:01.092 [main] INFO  com.apex.core.dao.OrderInfoDAO - [UPDATE_ORDER_STATUS] Order status updated successfully in 2 ms. Order ID: TEST001, Old Status: 1, New Status: 2
2025-12-30 10:40:01.092 [main] DEBUG com.apex.core.dao.OrderInfoDAO - [SELECT_ORDER_BY_ID] Searching for order by ID: TEST001
2025-12-30 10:40:01.092 [main] DEBUG com.apex.core.dao.OrderInfoDAO - [SELECT_ORDER_BY_ID] Order found in 0 ms. Order ID: TEST001, Status: 2
2025-12-30 10:40:01.100 [main] DEBUG com.apex.core.dao.OrderInfoDAO - [SELECT_ORDER_BY_ID] Searching for order by ID: TEST001
2025-12-30 10:40:01.101 [main] DEBUG com.apex.core.dao.OrderInfoDAO - [SELECT_ORDER_BY_ID] Order found in 1 ms. Order ID: TEST001, Status: 1
2025-12-30 10:40:01.102 [main] ERROR com.apex.core.dao.OrderInfoDAO - [DELETE_ORDER_DISABLED] Direct deletion of orders is disabled due to foreign key constraints. Order ID: TEST001. Please use OrderManager.deleteOrderWithItems() method instead.
2025-12-30 10:40:01.104 [main] DEBUG com.apex.core.dao.OrderInfoDAO - [SELECT_ORDER_BY_ID] Searching for order by ID: TEST001
2025-12-30 10:40:01.104 [main] DEBUG com.apex.core.dao.OrderInfoDAO - [SELECT_ORDER_BY_ID] Order found in 0 ms. Order ID: TEST001, Status: 1
2025-12-30 10:40:01.112 [main] INFO  com.apex.core.dao.OrderInfoDAO - [SELECT_ALL_ORDERS_PAGINATED] Retrieving orders. Page: 1, PageSize: 2, Offset: 0
2025-12-30 10:40:01.113 [main] INFO  com.apex.core.dao.OrderInfoDAO - [SELECT_ALL_ORDERS_PAGINATED] Retrieved 2 orders in 1 ms. Page: 1, PageSize: 2
2025-12-30 10:40:01.114 [main] INFO  com.apex.core.dao.OrderInfoDAO - [SELECT_ALL_ORDERS_PAGINATED] Retrieving orders. Page: 2, PageSize: 2, Offset: 2
2025-12-30 10:40:01.114 [main] INFO  com.apex.core.dao.OrderInfoDAO - [SELECT_ALL_ORDERS_PAGINATED] Retrieved 1 orders in 0 ms. Page: 2, PageSize: 2
2025-12-30 10:40:01.123 [main] INFO  com.apex.core.dao.OrderInfoDAO - [SELECT_ORDERS_BY_USER] Retrieving orders for user. User ID: 1001, Page: 1, PageSize: 10
2025-12-30 10:40:01.125 [main] INFO  com.apex.core.dao.OrderInfoDAO - [SELECT_ORDERS_BY_USER] Retrieved 2 orders for user 1001 in 2 ms
2025-12-30 10:40:01.159 [main] INFO  com.apex.core.dao.OrderInfoDAO - [SELECT_ORDERS_BY_USER] Retrieving orders for user. User ID: 1001, Page: 1, PageSize: 10
2025-12-30 10:40:01.160 [main] INFO  com.apex.core.dao.OrderInfoDAO - [SELECT_ORDERS_BY_USER] Retrieved 2 orders for user 1001 in 1 ms
2025-12-30 10:40:01.169 [main] INFO  com.apex.core.dao.OrderInfoDAO - [SELECT_ORDERS_BY_USER] Retrieving orders for user. User ID: 1002, Page: 1, PageSize: 10
2025-12-30 10:40:01.170 [main] INFO  com.apex.core.dao.OrderInfoDAO - [SELECT_ORDERS_BY_USER] Retrieved 1 orders for user 1002 in 1 ms
2025-12-30 10:40:01.179 [main] INFO  com.apex.core.dao.OrderInfoDAO - [SELECT_ORDERS_BY_USER] Retrieving orders for user. User ID: 9999, Page: 1, PageSize: 10
2025-12-30 10:40:01.180 [main] INFO  com.apex.core.dao.OrderInfoDAO - [SELECT_ORDERS_BY_USER] Retrieved 0 orders for user 9999 in 1 ms
2025-12-30 10:40:01.188 [main] DEBUG com.apex.core.dao.OrderInfoDAO - [COUNT_ORDERS] Counting total orders
2025-12-30 10:40:01.191 [main] INFO  com.apex.core.dao.OrderInfoDAO - [COUNT_ORDERS] Total orders: 3 (counted in 3 ms)
2025-12-30 10:40:01.199 [main] INFO  com.apex.core.dao.OrderInfoDAO - [INSERT_ORDER] Starting order creation. Order ID: STATUS_FLOW_TEST, User ID: 1001
2025-12-30 10:40:01.201 [main] INFO  com.apex.core.dao.OrderInfoDAO - [INSERT_ORDER] Order created successfully in 2 ms. Order ID: STATUS_FLOW_TEST, Rows affected: 1
2025-12-30 10:40:01.201 [main] INFO  com.apex.core.dao.OrderInfoDAO - [UPDATE_ORDER_STATUS] Updating order status. Order ID: STATUS_FLOW_TEST, New Status: 2
2025-12-30 10:40:01.204 [main] INFO  com.apex.core.dao.OrderInfoDAO - [UPDATE_ORDER_STATUS] Order status updated successfully in 3 ms. Order ID: STATUS_FLOW_TEST, Old Status: 1, New Status: 2
2025-12-30 10:40:01.204 [main] DEBUG com.apex.core.dao.OrderInfoDAO - [SELECT_ORDER_BY_ID] Searching for order by ID: STATUS_FLOW_TEST
2025-12-30 10:40:01.205 [main] DEBUG com.apex.core.dao.OrderInfoDAO - [SELECT_ORDER_BY_ID] Order found in 1 ms. Order ID: STATUS_FLOW_TEST, Status: 2
2025-12-30 10:40:01.205 [main] INFO  com.apex.core.dao.OrderInfoDAO - [UPDATE_ORDER_STATUS] Updating order status. Order ID: STATUS_FLOW_TEST, New Status: 3
2025-12-30 10:40:01.206 [main] INFO  com.apex.core.dao.OrderInfoDAO - [UPDATE_ORDER_STATUS] Order status updated successfully in 1 ms. Order ID: STATUS_FLOW_TEST, Old Status: 2, New Status: 3
2025-12-30 10:40:01.206 [main] INFO  com.apex.core.dao.OrderInfoDAO - [UPDATE_ORDER_STATUS] Updating order status. Order ID: STATUS_FLOW_TEST, New Status: 4
2025-12-30 10:40:01.207 [main] INFO  com.apex.core.dao.OrderInfoDAO - [UPDATE_ORDER_STATUS] Order status updated successfully in 1 ms. Order ID: STATUS_FLOW_TEST, Old Status: 3, New Status: 4
2025-12-30 10:40:01.214 [main] INFO  com.apex.core.dao.OrderInfoDAO - [INSERT_ORDER] Starting order creation. Order ID: NULL_TEST, User ID: 1001
2025-12-30 10:40:01.216 [main] INFO  com.apex.core.dao.OrderInfoDAO - [INSERT_ORDER] Order created successfully in 2 ms. Order ID: NULL_TEST, Rows affected: 1
2025-12-30 10:40:01.217 [main] DEBUG com.apex.core.dao.OrderInfoDAO - [SELECT_ORDER_BY_ID] Searching for order by ID: NULL_TEST
2025-12-30 10:40:01.218 [main] DEBUG com.apex.core.dao.OrderInfoDAO - [SELECT_ORDER_BY_ID] Order found in 1 ms. Order ID: NULL_TEST, Status: 1
2025-12-30 10:40:01.227 [main] INFO  com.apex.core.dao.OrderInfoDAO - [SELECT_ALL_ORDERS_PAGINATED] Retrieving orders. Page: 1, PageSize: 10, Offset: 0
2025-12-30 10:40:01.228 [main] INFO  com.apex.core.dao.OrderInfoDAO - [SELECT_ALL_ORDERS_PAGINATED] Retrieved 0 orders in 1 ms. Page: 1, PageSize: 10
2025-12-30 16:27:18.595 [main] INFO  com.apex.core.dao.ReviewDAO - Creating review for product: 2 by user: 1
2025-12-30 16:27:18.607 [main] INFO  com.apex.core.dao.ReviewDAO - Review created successfully. ID: 6
2025-12-30 16:27:18.618 [main] DEBUG com.apex.core.dao.ReviewDAO - Finding review by ID: 6
2025-12-30 16:27:18.646 [main] DEBUG com.apex.core.dao.ReviewDAO - Finding review by ID: 1
2025-12-30 16:27:18.658 [main] DEBUG com.apex.core.dao.ReviewDAO - Finding review by ID: 999
2025-12-30 16:27:18.669 [main] DEBUG com.apex.core.dao.ReviewDAO - Finding review by order ID: REVIEW001
2025-12-30 16:27:18.681 [main] DEBUG com.apex.core.dao.ReviewDAO - Finding reviews for product: 1. Page: 1, PageSize: 10
2025-12-30 16:27:18.692 [main] DEBUG com.apex.core.dao.ReviewDAO - Finding reviews for product: 1. Page: 1, PageSize: 2
2025-12-30 16:27:18.694 [main] DEBUG com.apex.core.dao.ReviewDAO - Finding reviews for product: 1. Page: 2, PageSize: 2
2025-12-30 16:27:18.704 [main] DEBUG com.apex.core.dao.ReviewDAO - Finding reviews by user: 1. Page: 1, PageSize: 10
2025-12-30 16:27:18.718 [main] DEBUG com.apex.core.dao.ReviewDAO - Finding review by ID: 1
2025-12-30 16:27:18.719 [main] INFO  com.apex.core.dao.ReviewDAO - Updating review ID: 1
2025-12-30 16:27:18.723 [main] INFO  com.apex.core.dao.ReviewDAO - Review updated. Rows affected: 1
2025-12-30 16:27:18.723 [main] DEBUG com.apex.core.dao.ReviewDAO - Finding review by ID: 1
2025-12-30 16:27:18.733 [main] DEBUG com.apex.core.dao.ReviewDAO - Finding review by ID: 1
2025-12-30 16:27:18.735 [main] WARN  com.apex.core.dao.ReviewDAO - Deleting review ID: 1
2025-12-30 16:27:18.736 [main] WARN  com.apex.core.dao.ReviewDAO - Review deleted. Rows affected: 1
2025-12-30 16:27:18.737 [main] DEBUG com.apex.core.dao.ReviewDAO - Finding review by ID: 1
2025-12-30 16:27:18.745 [main] DEBUG com.apex.core.dao.ReviewDAO - Getting average rating for product: 1
2025-12-30 16:27:18.749 [main] INFO  com.apex.core.dao.ReviewDAO - Average rating for product 1: 4.333333333333333
2025-12-30 16:27:18.761 [main] DEBUG com.apex.core.dao.ReviewDAO - Getting average rating for product: 999
2025-12-30 16:27:18.764 [main] INFO  com.apex.core.dao.ReviewDAO - Average rating for product 999: 0.0
2025-12-30 16:27:18.774 [main] DEBUG com.apex.core.dao.ReviewDAO - Getting rating distribution for product: 1
2025-12-30 16:27:18.778 [main] INFO  com.apex.core.dao.ReviewDAO - Rating distribution for product 1: 1星:0, 2星:0, 3星:1, 4星:0, 5星:2 (总计:3)
2025-12-30 16:27:18.786 [main] DEBUG com.apex.core.dao.ReviewDAO - Finding reviews with images for product: 1. Limit: 3
2025-12-30 16:27:18.795 [main] DEBUG com.apex.core.dao.ReviewDAO - Finding latest reviews. Limit: 3
2025-12-30 16:27:18.805 [main] DEBUG com.apex.core.dao.ReviewDAO - Counting reviews for product: 1
2025-12-30 16:27:18.806 [main] INFO  com.apex.core.dao.ReviewDAO - Review count for product 1: 3
2025-12-30 16:27:18.815 [main] DEBUG com.apex.core.dao.ReviewDAO - Counting reviews for product: 999
2025-12-30 16:27:18.816 [main] INFO  com.apex.core.dao.ReviewDAO - Review count for product 999: 0
2025-12-30 16:27:18.824 [main] INFO  com.apex.core.dao.ReviewDAO - Creating review for product: 2 by user: 1
2025-12-30 16:27:18.825 [main] INFO  com.apex.core.dao.ReviewDAO - Review created successfully. ID: 7
2025-12-30 16:27:18.825 [main] DEBUG com.apex.core.dao.ReviewDAO - Finding review by ID: 7
2025-12-30 16:27:18.834 [main] INFO  com.apex.core.dao.ReviewDAO - Creating review for product: 2 by user: 1
2025-12-30 16:27:18.835 [main] INFO  com.apex.core.dao.ReviewDAO - Review created successfully. ID: 8
2025-12-30 16:27:18.835 [main] DEBUG com.apex.core.dao.ReviewDAO - Finding review by ID: 8
2025-12-30 16:27:18.914 [main] DEBUG com.apex.core.dao.ReviewDAO - Counting reviews for product: 1
2025-12-30 16:27:18.915 [main] INFO  com.apex.core.dao.ReviewDAO - Review count for product 1: 3
2025-12-30 16:27:18.929 [main] DEBUG com.apex.core.dao.ReviewDAO - Counting reviews for product: 2
2025-12-30 16:27:18.931 [main] INFO  com.apex.core.dao.ReviewDAO - Review count for product 2: 1
2025-12-30 16:27:18.938 [main] DEBUG com.apex.core.dao.ReviewDAO - Counting reviews for product: 3
2025-12-30 16:27:18.939 [main] INFO  com.apex.core.dao.ReviewDAO - Review count for product 3: 1
2025-12-30 16:27:18.948 [main] DEBUG com.apex.core.dao.ReviewDAO - Counting reviews for product: 999
2025-12-30 16:27:18.948 [main] INFO  com.apex.core.dao.ReviewDAO - Review count for product 999: 0
2025-12-30 16:27:18.957 [main] DEBUG com.apex.core.dao.ReviewDAO - Getting rating distribution for product: 2
2025-12-30 16:27:18.959 [main] INFO  com.apex.core.dao.ReviewDAO - Rating distribution for product 2: 1星:1, 2星:1, 3星:0, 4星:1, 5星:0 (总计:3)
2025-12-30 16:27:26.562 [main] INFO  com.apex.core.dao.LogisticsDAO - Creating logistics record for order: LOG_NEW_001
2025-12-30 16:27:26.574 [main] INFO  com.apex.core.dao.LogisticsDAO - Logistics record created successfully. ID: 4
2025-12-30 16:27:26.585 [main] DEBUG com.apex.core.dao.LogisticsDAO - Finding logistics record by ID: 4
2025-12-30 16:27:26.606 [main] DEBUG com.apex.core.dao.LogisticsDAO - Finding logistics record by ID: 1
2025-12-30 16:27:26.613 [main] DEBUG com.apex.core.dao.LogisticsDAO - Finding logistics record by ID: 999
2025-12-30 16:27:26.621 [main] DEBUG com.apex.core.dao.LogisticsDAO - Finding logistics record by order ID: LOG001
2025-12-30 16:27:26.629 [main] DEBUG com.apex.core.dao.LogisticsDAO - Finding logistics record by order ID: LOG001
2025-12-30 16:27:26.630 [main] INFO  com.apex.core.dao.LogisticsDAO - Updating logistics record for order: LOG001
2025-12-30 16:27:26.634 [main] INFO  com.apex.core.dao.LogisticsDAO - Logistics record updated. Rows affected: 1
2025-12-30 16:27:26.635 [main] DEBUG com.apex.core.dao.LogisticsDAO - Finding logistics record by ID: 1
2025-12-30 16:27:26.641 [main] DEBUG com.apex.core.dao.LogisticsDAO - Finding logistics record by ID: 1
2025-12-30 16:27:26.643 [main] WARN  com.apex.core.dao.LogisticsDAO - Deleting logistics record ID: 1
2025-12-30 16:27:26.643 [main] WARN  com.apex.core.dao.LogisticsDAO - Logistics record deleted. Rows affected: 1
2025-12-30 16:27:26.643 [main] DEBUG com.apex.core.dao.LogisticsDAO - Finding logistics record by ID: 1
2025-12-30 16:27:26.650 [main] INFO  com.apex.core.dao.LogisticsDAO - Updating logistics status. Order: LOG001, New Status: shipped
2025-12-30 16:27:26.651 [main] INFO  com.apex.core.dao.LogisticsDAO - Logistics status updated. Rows affected: 1
2025-12-30 16:27:26.651 [main] DEBUG com.apex.core.dao.LogisticsDAO - Finding logistics record by order ID: LOG001
2025-12-30 16:27:26.744 [main] DEBUG com.apex.core.dao.LogisticsDAO - Finding logistics record by order ID: LOG001
2025-12-30 16:27:26.764 [main] DEBUG com.apex.core.dao.LogisticsDAO - Finding logistics record by order ID: LOG002
2025-12-30 16:27:26.772 [main] DEBUG com.apex.core.dao.LogisticsDAO - Finding logistics record by order ID: LOG003
2025-12-30 16:27:26.781 [main] INFO  com.apex.core.dao.LogisticsDAO - Updating shipping info for order: LOG001
2025-12-30 16:27:26.787 [main] INFO  com.apex.core.dao.LogisticsDAO - Shipping info updated. Rows affected: 1
2025-12-30 16:27:26.787 [main] DEBUG com.apex.core.dao.LogisticsDAO - Finding logistics record by order ID: LOG001
2025-12-30 16:27:26.795 [main] INFO  com.apex.core.dao.LogisticsDAO - Updating delivery info for order: LOG002
2025-12-30 16:27:26.797 [main] INFO  com.apex.core.dao.LogisticsDAO - Delivery info updated. Rows affected: 1
2025-12-30 16:27:26.797 [main] DEBUG com.apex.core.dao.LogisticsDAO - Finding logistics record by order ID: LOG002
2025-12-30 16:27:26.804 [main] DEBUG com.apex.core.dao.LogisticsDAO - Finding pending shipping logistics. Page: 1, PageSize: 10
2025-12-30 16:27:26.810 [main] DEBUG com.apex.core.dao.LogisticsDAO - Finding in-transit logistics. Page: 1, PageSize: 10
2025-12-30 16:27:26.816 [main] DEBUG com.apex.core.dao.LogisticsDAO - Getting logistics statistics
2025-12-30 16:27:26.821 [main] INFO  com.apex.core.dao.LogisticsDAO - Logistics stats: Pending=1, Shipped=1, Delivered=1
2025-12-30 16:27:26.830 [main] INFO  com.apex.core.dao.LogisticsDAO - Creating logistics record for order: LOG_NULL_TEST
2025-12-30 16:27:26.830 [main] INFO  com.apex.core.dao.LogisticsDAO - Logistics record created successfully. ID: 5
2025-12-30 16:27:26.831 [main] DEBUG com.apex.core.dao.LogisticsDAO - Finding logistics record by order ID: LOG_NULL_TEST
2025-12-30 16:27:26.843 [main] DEBUG com.apex.core.dao.LogisticsDAO - Finding pending shipping logistics. Page: 1, PageSize: 5
2025-12-30 16:27:26.844 [main] DEBUG com.apex.core.dao.LogisticsDAO - Finding pending shipping logistics. Page: 2, PageSize: 5
